<?xml version="1.0" encoding="UTF-8"?>
<coverage generated="1536703739053" clover="3.2.0">
  <project timestamp="1536703739054" name="All files">
    <metrics statements="17" coveredstatements="17" conditionals="16" coveredconditionals="16" methods="4" coveredmethods="4" elements="37" coveredelements="37" complexity="0" loc="17" ncloc="17" packages="1" files="1" classes="1">
      <file name="index.js" path="/home/renan/Development/cursoReactNinja/github-app/src/utils/pagination/index.js">
        <metrics statements="17" coveredstatements="17" conditionals="16" coveredconditionals="16" methods="4" coveredmethods="4"/>
        <line num="3" count="1" type="stmt"/>
        <line num="4" count="75" type="cond" truecount="4" falsecount="0"/>
        <line num="5" count="26" type="stmt"/>
        <line num="7" count="49" type="stmt"/>
        <line num="11" count="60" type="stmt"/>
        <line num="12" count="8" type="stmt"/>
        <line num="13" count="8" type="stmt"/>
        <line num="14" count="60" type="cond" truecount="4" falsecount="0"/>
        <line num="15" count="15" type="stmt"/>
        <line num="17" count="45" type="cond" truecount="2" falsecount="0"/>
        <line num="18" count="15" type="cond" truecount="2" falsecount="0"/>
        <line num="19" count="4" type="stmt"/>
        <line num="21" count="30" type="cond" truecount="2" falsecount="0"/>
        <line num="22" count="14" type="cond" truecount="2" falsecount="0"/>
        <line num="23" count="3" type="stmt"/>
        <line num="26" count="16" type="stmt"/>
        <line num="31" count="8" type="stmt"/>
      </file>
    </metrics>
  </project>
</coverage>
