TN:
SF:/home/renan/Development/cursoReactNinja/github-app/src/utils/pagination/index.js
FN:3,(anonymous_0)
FN:10,(anonymous_1)
FN:11,(anonymous_2)
FN:13,(anonymous_3)
FNF:4
FNH:4
FNDA:75,(anonymous_0)
FNDA:8,(anonymous_1)
FNDA:60,(anonymous_2)
FNDA:60,(anonymous_3)
DA:3,1
DA:4,75
DA:5,26
DA:7,49
DA:11,60
DA:12,8
DA:13,8
DA:14,60
DA:15,15
DA:17,45
DA:18,15
DA:19,4
DA:21,30
DA:22,14
DA:23,3
DA:26,16
DA:31,8
LF:17
LH:17
BRDA:4,0,0,26
BRDA:4,0,1,49
BRDA:4,1,0,75
BRDA:4,1,1,65
BRDA:14,2,0,15
BRDA:14,2,1,45
BRDA:14,3,0,60
BRDA:14,3,1,52
BRDA:17,4,0,15
BRDA:17,4,1,30
BRDA:18,5,0,4
BRDA:18,5,1,11
BRDA:21,6,0,14
BRDA:21,6,1,16
BRDA:22,7,0,3
BRDA:22,7,1,11
BRF:16
BRH:16
end_of_record
